{"level":"error","message":"Failed to start server: Unknown database 'task_planner'","service":"user-service","timestamp":"2026-07-11T17:52:13.456Z"}
{"level":"error","message":"Failed to start server: Referencing column 'userId' and referenced column 'id' in foreign key constraint 'emailverifications_ibfk_1' are incompatible.","service":"user-service","timestamp":"2026-07-11T18:23:35.131Z"}
{"level":"error","message":"Failed to start server: Referencing column 'userId' and referenced column 'id' in foreign key constraint 'emailverifications_ibfk_1' are incompatible.","service":"user-service","timestamp":"2026-07-11T18:30:23.227Z"}
{"level":"error","message":"Failed to start server: Referencing column 'userId' and referenced column 'id' in foreign key constraint 'emailverifications_ibfk_1' are incompatible.","service":"user-service","timestamp":"2026-07-11T18:31:24.889Z"}
{"level":"error","message":"Failed to start server: Referencing column 'userId' and referenced column 'id' in foreign key constraint 'emailverifications_ibfk_1' are incompatible.","service":"user-service","timestamp":"2026-07-11T18:32:10.241Z"}
{"level":"error","message":"Failed to start server: Referencing column 'userId' and referenced column 'id' in foreign key constraint 'emailverifications_ibfk_1' are incompatible.","service":"user-service","timestamp":"2026-07-11T18:32:34.642Z"}
{"level":"error","message":"Failed to start server: Referencing column 'userId' and referenced column 'id' in foreign key constraint 'emailverifications_ibfk_1' are incompatible.","service":"user-service","timestamp":"2026-07-11T18:32:46.589Z"}
{"level":"error","message":"Failed to start server: Referencing column 'userId' and referenced column 'id' in foreign key constraint 'emailverifications_ibfk_1' are incompatible.","service":"user-service","timestamp":"2026-07-11T18:34:15.309Z"}
{"level":"error","message":"Failed to start server: Referencing column 'userId' and referenced column 'id' in foreign key constraint 'emailverifications_ibfk_1' are incompatible.","service":"user-service","timestamp":"2026-07-11T18:34:50.823Z"}
{"level":"error","message":"Failed to start server: Referencing column 'userId' and referenced column 'id' in foreign key constraint 'emailverifications_ibfk_1' are incompatible.","service":"user-service","timestamp":"2026-07-11T18:34:54.235Z"}
{"level":"error","message":"Failed to start server: Referencing column 'userId' and referenced column 'id' in foreign key constraint 'emailverifications_ibfk_1' are incompatible.","service":"user-service","timestamp":"2026-07-11T18:34:56.349Z"}
{"level":"error","message":"Failed to start server: Referencing column 'userId' and referenced column 'id' in foreign key constraint 'emailverifications_ibfk_1' are incompatible.","service":"user-service","timestamp":"2026-07-11T18:35:49.888Z"}
{"level":"error","message":"Failed to start server: Referencing column 'userId' and referenced column 'id' in foreign key constraint 'emailverifications_ibfk_1' are incompatible.","service":"user-service","timestamp":"2026-07-11T18:35:55.912Z"}
{"level":"error","message":"Failed to start server: Referencing column 'userId' and referenced column 'id' in foreign key constraint 'emailverifications_ibfk_1' are incompatible.","service":"user-service","timestamp":"2026-07-11T18:36:00.550Z"}
{"level":"error","message":"Failed to start server: Referencing column 'userId' and referenced column 'id' in foreign key constraint 'emailverifications_ibfk_1' are incompatible.","service":"user-service","timestamp":"2026-07-11T18:36:03.174Z"}
{"level":"error","message":"Failed to start server: Referencing column 'userId' and referenced column 'id' in foreign key constraint 'emailverifications_ibfk_1' are incompatible.","service":"user-service","timestamp":"2026-07-11T18:36:05.943Z"}
{"level":"error","message":"Failed to start server: Referencing column 'userId' and referenced column 'id' in foreign key constraint 'emailverifications_ibfk_1' are incompatible.","service":"user-service","timestamp":"2026-07-11T18:36:09.657Z"}
{"level":"error","message":"Failed to start server: Referencing column 'userId' and referenced column 'id' in foreign key constraint 'emailverifications_ibfk_1' are incompatible.","service":"user-service","timestamp":"2026-07-11T18:36:13.632Z"}
{"level":"error","message":"Failed to start server: Referencing column 'userId' and referenced column 'id' in foreign key constraint 'emailverifications_ibfk_1' are incompatible.","service":"user-service","timestamp":"2026-07-11T18:36:17.338Z"}
{"level":"error","message":"Failed to start server: Referencing column 'userId' and referenced column 'id' in foreign key constraint 'emailverifications_ibfk_1' are incompatible.","service":"user-service","timestamp":"2026-07-11T18:40:20.362Z"}
{"level":"error","message":"Failed to start server: Referencing column 'userId' and referenced column 'id' in foreign key constraint 'emailverifications_ibfk_1' are incompatible.","service":"user-service","timestamp":"2026-07-11T18:40:23.038Z"}
{"level":"error","message":"Failed to start server: You have an error in your SQL syntax; check the manual that corresponds to your MySQL server version for the right syntax to use near '' at line 1","service":"user-service","timestamp":"2026-07-11T18:40:41.393Z"}
{"level":"error","message":"Failed to start server: Referencing column 'userId' and referenced column 'id' in foreign key constraint 'emailverifications_ibfk_1' are incompatible.","service":"user-service","timestamp":"2026-07-11T18:40:48.846Z"}
{"level":"error","message":"Failed to start server: Referencing column 'userId' and referenced column 'id' in foreign key constraint 'emailverifications_ibfk_1' are incompatible.","service":"user-service","timestamp":"2026-07-11T18:40:50.940Z"}
{"level":"error","message":"Failed to start server: Referencing column 'userId' and referenced column 'id' in foreign key constraint 'emailverifications_ibfk_1' are incompatible.","service":"user-service","timestamp":"2026-07-11T18:40:57.245Z"}
{"level":"error","message":"Failed to start server: You have an error in your SQL syntax; check the manual that corresponds to your MySQL server version for the right syntax to use near '' at line 1","service":"user-service","timestamp":"2026-07-11T18:41:01.132Z"}
{"level":"error","message":"Failed to start server: Referencing column 'userId' and referenced column 'id' in foreign key constraint 'emailverifications_ibfk_1' are incompatible.","service":"user-service","timestamp":"2026-07-11T18:41:03.226Z"}
{"level":"error","message":"Failed to start server: Referencing column 'userId' and referenced column 'id' in foreign key constraint 'emailverifications_ibfk_1' are incompatible.","service":"user-service","timestamp":"2026-07-11T18:41:10.560Z"}
{"level":"error","message":"Failed to start server: Referencing column 'userId' and referenced column 'id' in foreign key constraint 'emailverifications_ibfk_1' are incompatible.","service":"user-service","timestamp":"2026-07-11T18:41:52.702Z"}
{"level":"error","message":"Failed to start server: Referencing column 'userId' and referenced column 'id' in foreign key constraint 'emailverifications_ibfk_1' are incompatible.","service":"user-service","timestamp":"2026-07-11T18:42:00.730Z"}
{"level":"error","message":"Failed to start server: Referencing column 'userId' and referenced column 'id' in foreign key constraint 'emailverifications_ibfk_1' are incompatible.","service":"user-service","timestamp":"2026-07-11T18:42:07.555Z"}
{"level":"error","message":"Failed to start server: Referencing column 'userId' and referenced column 'id' in foreign key constraint 'emailverifications_ibfk_1' are incompatible.","service":"user-service","timestamp":"2026-07-11T18:42:09.110Z"}
{"level":"error","message":"Failed to start server: Referencing column 'userId' and referenced column 'id' in foreign key constraint 'emailverifications_ibfk_1' are incompatible.","service":"user-service","timestamp":"2026-07-11T18:42:10.178Z"}
{"level":"error","message":"Failed to start server: Referencing column 'userId' and referenced column 'id' in foreign key constraint 'emailverifications_ibfk_1' are incompatible.","service":"user-service","timestamp":"2026-07-11T18:42:12.632Z"}
{"level":"error","message":"Failed to start server: Referencing column 'userId' and referenced column 'id' in foreign key constraint 'emailverifications_ibfk_1' are incompatible.","service":"user-service","timestamp":"2026-07-11T18:42:48.943Z"}
{"level":"error","message":"Failed to start server: Referencing column 'userId' and referenced column 'id' in foreign key constraint 'emailverifications_ibfk_1' are incompatible.","service":"user-service","timestamp":"2026-07-11T18:42:50.077Z"}
{"level":"error","message":"Failed to start server: Referencing column 'userId' and referenced column 'id' in foreign key constraint 'emailverifications_ibfk_1' are incompatible.","service":"user-service","timestamp":"2026-07-11T18:42:55.173Z"}
{"level":"error","message":"Failed to start server: Referencing column 'userId' and referenced column 'id' in foreign key constraint 'emailverifications_ibfk_1' are incompatible.","service":"user-service","timestamp":"2026-07-11T18:43:14.640Z"}
{"level":"error","message":"Failed to start server: Referencing column 'userId' and referenced column 'id' in foreign key constraint 'emailverifications_ibfk_1' are incompatible.","service":"user-service","timestamp":"2026-07-11T18:43:20.485Z"}
{"level":"error","message":"Failed to start server: Referencing column 'userId' and referenced column 'id' in foreign key constraint 'emailverifications_ibfk_1' are incompatible.","service":"user-service","timestamp":"2026-07-11T18:43:21.795Z"}
{"level":"error","message":"Failed to start server: Referencing column 'userId' and referenced column 'id' in foreign key constraint 'emailverifications_ibfk_1' are incompatible.","service":"user-service","timestamp":"2026-07-11T18:43:26.765Z"}
{"level":"error","message":"Failed to start server: Referencing column 'userId' and referenced column 'id' in foreign key constraint 'emailverifications_ibfk_1' are incompatible.","service":"user-service","timestamp":"2026-07-11T18:43:28.080Z"}
{"level":"error","message":"Failed to start server: Referencing column 'userId' and referenced column 'id' in foreign key constraint 'emailverifications_ibfk_1' are incompatible.","service":"user-service","timestamp":"2026-07-11T18:43:42.368Z"}
{"level":"error","message":"Failed to start server: Referencing column 'userId' and referenced column 'id' in foreign key constraint 'emailverifications_ibfk_1' are incompatible.","service":"user-service","timestamp":"2026-07-11T18:43:50.368Z"}
{"level":"error","message":"Failed to start server: Referencing column 'userId' and referenced column 'id' in foreign key constraint 'emailverifications_ibfk_1' are incompatible.","service":"user-service","timestamp":"2026-07-11T18:43:56.366Z"}
{"level":"error","message":"Failed to start server: Referencing column 'userId' and referenced column 'id' in foreign key constraint 'emailverifications_ibfk_1' are incompatible.","service":"user-service","timestamp":"2026-07-11T18:45:03.311Z"}
{"level":"error","message":"Failed to start server: Referencing column 'userId' and referenced column 'id' in foreign key constraint 'emailverifications_ibfk_1' are incompatible.","service":"user-service","timestamp":"2026-07-11T18:45:04.570Z"}
{"level":"error","message":"Failed to start server: Referencing column 'userId' and referenced column 'id' in foreign key constraint 'emailverifications_ibfk_1' are incompatible.","service":"user-service","timestamp":"2026-07-11T18:47:48.188Z"}
{"level":"error","message":"Failed to start server: Referencing column 'userId' and referenced column 'id' in foreign key constraint 'emailverifications_ibfk_1' are incompatible.","service":"user-service","timestamp":"2026-07-11T18:47:50.026Z"}
{"level":"error","message":"Failed to start server: Referencing column 'userId' and referenced column 'id' in foreign key constraint 'emailverifications_ibfk_1' are incompatible.","service":"user-service","timestamp":"2026-07-11T18:49:31.754Z"}
{"level":"error","message":"Failed to start server: Referencing column 'userId' and referenced column 'id' in foreign key constraint 'emailverifications_ibfk_1' are incompatible.","service":"user-service","timestamp":"2026-07-11T18:49:37.427Z"}
{"level":"error","message":"Failed to start server: Too many keys specified; max 64 keys allowed","service":"user-service","timestamp":"2026-07-11T18:50:30.287Z"}
{"level":"error","message":"Failed to start server: Too many keys specified; max 64 keys allowed","service":"user-service","timestamp":"2026-07-11T18:50:46.845Z"}
{"level":"error","message":"Failed to start server: You have an error in your SQL syntax; check the manual that corresponds to your MySQL server version for the right syntax to use near 'false' at line 1","service":"user-service","timestamp":"2026-07-11T18:51:07.182Z"}
{"level":"error","message":"Failed to start server: Too many keys specified; max 64 keys allowed","service":"user-service","timestamp":"2026-07-11T18:51:31.395Z"}
{"level":"error","message":"Failed to start server: Too many keys specified; max 64 keys allowed","service":"user-service","timestamp":"2026-07-11T18:51:37.043Z"}
{"level":"error","message":"Failed to start server: Too many keys specified; max 64 keys allowed","service":"user-service","timestamp":"2026-07-11T18:52:56.093Z"}
{"level":"error","message":"Failed to start server: Too many keys specified; max 64 keys allowed","service":"user-service","timestamp":"2026-07-11T18:53:26.582Z"}
{"level":"error","message":"Failed to start server: Too many keys specified; max 64 keys allowed","service":"user-service","timestamp":"2026-07-11T18:53:28.494Z"}
{"level":"error","message":"Failed to start server: Too many keys specified; max 64 keys allowed","service":"user-service","timestamp":"2026-07-11T18:53:32.611Z"}
{"level":"error","message":"Failed to start server: Too many keys specified; max 64 keys allowed","service":"user-service","timestamp":"2026-07-11T18:53:49.871Z"}
{"level":"error","message":"Failed to start server: Too many keys specified; max 64 keys allowed","service":"user-service","timestamp":"2026-07-11T18:53:54.223Z"}
{"level":"error","message":"Failed to start server: Too many keys specified; max 64 keys allowed","service":"user-service","timestamp":"2026-07-11T18:54:04.079Z"}
{"level":"error","message":"Failed to start server: Too many keys specified; max 64 keys allowed","service":"user-service","timestamp":"2026-07-11T18:54:16.414Z"}
{"level":"error","message":"Failed to start server: Too many keys specified; max 64 keys allowed","service":"user-service","timestamp":"2026-07-11T18:54:18.616Z"}
{"level":"error","message":"Failed to start server: Too many keys specified; max 64 keys allowed","service":"user-service","timestamp":"2026-07-11T18:55:47.040Z"}
{"level":"error","message":"Failed to start server: Too many keys specified; max 64 keys allowed","service":"user-service","timestamp":"2026-07-11T18:56:14.172Z"}
{"level":"error","message":"Failed to start server: Too many keys specified; max 64 keys allowed","service":"user-service","timestamp":"2026-07-11T18:57:56.801Z"}
{"level":"error","message":"Failed to start server: Too many keys specified; max 64 keys allowed","service":"user-service","timestamp":"2026-07-11T18:58:00.565Z"}
{"level":"error","message":"Failed to start server: Too many keys specified; max 64 keys allowed","service":"user-service","timestamp":"2026-07-11T18:58:02.186Z"}
{"level":"error","message":"Failed to start server: Too many keys specified; max 64 keys allowed","service":"user-service","timestamp":"2026-07-11T18:59:11.572Z"}
{"level":"error","message":"Failed to start server: Too many keys specified; max 64 keys allowed","service":"user-service","timestamp":"2026-07-11T18:59:16.284Z"}
{"level":"error","message":"Failed to start server: Too many keys specified; max 64 keys allowed","service":"user-service","timestamp":"2026-07-11T18:59:17.558Z"}
{"level":"error","message":"Failed to start server: Too many keys specified; max 64 keys allowed","service":"user-service","timestamp":"2026-07-11T19:00:49.456Z"}
{"level":"error","message":"Failed to start server: Too many keys specified; max 64 keys allowed","service":"user-service","timestamp":"2026-07-11T19:01:06.577Z"}
{"level":"error","message":"Failed to start server: Too many keys specified; max 64 keys allowed","service":"user-service","timestamp":"2026-07-11T19:02:10.550Z"}
{"level":"error","message":"Failed to start server: Too many keys specified; max 64 keys allowed","service":"user-service","timestamp":"2026-07-11T19:02:11.731Z"}
{"level":"error","message":"Failed to start server: Too many keys specified; max 64 keys allowed","service":"user-service","timestamp":"2026-07-11T19:02:18.153Z"}
{"level":"error","message":"Failed to start server: Too many keys specified; max 64 keys allowed","service":"user-service","timestamp":"2026-07-11T19:02:22.916Z"}
{"level":"error","message":"Failed to start server: Too many keys specified; max 64 keys allowed","service":"user-service","timestamp":"2026-07-11T19:02:45.496Z"}
{"level":"error","message":"Failed to start server: Too many keys specified; max 64 keys allowed","service":"user-service","timestamp":"2026-07-11T19:02:50.669Z"}
{"level":"error","message":"Failed to start server: Too many keys specified; max 64 keys allowed","service":"user-service","timestamp":"2026-07-11T19:02:52.516Z"}
{"level":"error","message":"Failed to start server: Too many keys specified; max 64 keys allowed","service":"user-service","timestamp":"2026-07-11T19:03:06.986Z"}
{"level":"error","message":"Failed to start server: Too many keys specified; max 64 keys allowed","service":"user-service","timestamp":"2026-07-11T19:05:28.171Z"}
{"level":"error","message":"Failed to start server: Too many keys specified; max 64 keys allowed","service":"user-service","timestamp":"2026-07-11T19:08:48.183Z"}
{"level":"error","message":"Failed to start server: Too many keys specified; max 64 keys allowed","service":"user-service","timestamp":"2026-07-11T19:09:06.247Z"}
{"level":"error","message":"Failed to start server: Too many keys specified; max 64 keys allowed","service":"user-service","timestamp":"2026-07-11T19:09:09.266Z"}
{"level":"error","message":"Failed to start server: Too many keys specified; max 64 keys allowed","service":"user-service","timestamp":"2026-07-11T19:09:46.045Z"}
{"level":"error","message":"Failed to start server: Too many keys specified; max 64 keys allowed","service":"user-service","timestamp":"2026-07-11T19:10:32.955Z"}
{"level":"error","message":"Failed to start server: Too many keys specified; max 64 keys allowed","service":"user-service","timestamp":"2026-07-11T19:10:50.203Z"}
{"level":"error","message":"Failed to start server: Too many keys specified; max 64 keys allowed","service":"user-service","timestamp":"2026-07-12T07:06:45.657Z"}
{"level":"error","message":"Failed to start server: Referencing column 'userId' and referenced column 'id' in foreign key constraint 'emailverifications_ibfk_1' are incompatible.","service":"user-service","timestamp":"2026-07-12T07:14:27.483Z"}
{"level":"error","message":"Failed to start server: Referencing column 'userId' and referenced column 'id' in foreign key constraint 'emailverifications_ibfk_1' are incompatible.","service":"user-service","timestamp":"2026-07-12T07:14:33.658Z"}
{"level":"error","message":"Failed to start server: Referencing column 'userId' and referenced column 'id' in foreign key constraint 'emailverifications_ibfk_1' are incompatible.","service":"user-service","timestamp":"2026-07-12T07:18:38.761Z"}
{"level":"error","message":"Failed to start server: Referencing column 'userId' and referenced column 'id' in foreign key constraint 'emailverifications_ibfk_1' are incompatible.","service":"user-service","timestamp":"2026-07-12T07:18:49.687Z"}
{"level":"error","message":"Failed to start server: Referencing column 'userId' and referenced column 'id' in foreign key constraint 'emailverifications_ibfk_1' are incompatible.","service":"user-service","timestamp":"2026-07-12T07:18:54.252Z"}
{"level":"error","message":"Error registering user: Table 'task_planner.users' doesn't exist","service":"user-service","timestamp":"2026-07-12T13:37:45.937Z"}
{"level":"error","message":"Error registering user: verification is not defined","service":"user-service","timestamp":"2026-07-12T13:38:09.427Z"}
{"level":"error","message":"Cannot destructure property 'title' of 'req.body' as it is undefined.","service":"user-service","timestamp":"2026-07-16T16:32:49.765Z"}
{"level":"error","message":"Op is not defined","service":"user-service","timestamp":"2026-07-16T18:24:43.005Z"}
{"level":"error","message":"Data truncated for column 'reminderType' at row 1","service":"user-service","timestamp":"2026-07-17T05:20:48.102Z"}
{"level":"error","message":"Unknown column 'completedAt' in 'field list'","service":"user-service","timestamp":"2026-07-17T10:34:15.108Z"}
{"level":"error","message":"No recipients defined","service":"user-service","timestamp":"2026-07-17T10:47:40.250Z"}
